# JRE version: Java(TM) SE Runtime Environment (15.0.1+9) (build 15.0.1+9-18)
# Java VM: Java HotSpot(TM) 64-Bit Server VM (15.0.1+9-18, mixed mode, sharing, tiered, compressed oops, g1 gc, windows-amd64)
GC Precious Log:
 CPUs: 4 total, 4 available
 Memory: 16083M
 Large Page Support: Disabled
 NUMA Support: Disabled
 Compressed Oops: Enabled (Zero based)
 Heap Region Size: 2M
 Heap Min Capacity: 8M
 Heap Initial Capacity: 252M
 Heap Max Capacity: 4022M
 Pre-touch: Disabled
 Parallel Workers: 4
 Concurrent Workers: 1
 Concurrent Refinement Workers: 4
 Periodic GC: Disabled
Heap:
 garbage-first heap   total 96256K, used 48947K [0x0000000704a00000, 0x0000000800000000)
  region size 2048K, 17 young (34816K), 3 survivors (6144K)
 Metaspace       used 46845K, capacity 47413K, committed 47532K, reserved 1089536K
  class space    used 6414K, capacity 6632K, committed 6656K, reserved 1048576K
GC Heap History (20 events):
Event: 0.691 GC heap before
{Heap before GC invocations=0 (full 0):
 garbage-first heap   total 258048K, used 12288K [0x0000000704a00000, 0x0000000800000000)
  region size 2048K, 6 young (12288K), 0 survivors (0K)
 Metaspace       used 5162K, capacity 5289K, committed 5632K, reserved 1056768K
  class space    used 612K, capacity 670K, committed 768K, reserved 1048576K
}
Event: 0.698 GC heap after
{Heap after GC invocations=1 (full 0):
 garbage-first heap   total 258048K, used 5999K [0x0000000704a00000, 0x0000000800000000)
  region size 2048K, 1 young (2048K), 1 survivors (2048K)
 Metaspace       used 5162K, capacity 5289K, committed 5632K, reserved 1056768K
  class space    used 612K, capacity 670K, committed 768K, reserved 1048576K
}
Event: 0.867 GC heap before
{Heap before GC invocations=1 (full 0):
 garbage-first heap   total 258048K, used 14191K [0x0000000704a00000, 0x0000000800000000)
  region size 2048K, 6 young (12288K), 1 survivors (2048K)
 Metaspace       used 6388K, capacity 6611K, committed 6784K, reserved 1056768K
  class space    used 759K, capacity 832K, committed 896K, reserved 1048576K
}
Event: 0.871 GC heap after
{Heap after GC invocations=2 (full 0):
 garbage-first heap   total 258048K, used 6804K [0x0000000704a00000, 0x0000000800000000)
  region size 2048K, 1 young (2048K), 1 survivors (2048K)
 Metaspace       used 6388K, capacity 6611K, committed 6784K, reserved 1056768K
  class space    used 759K, capacity 832K, committed 896K, reserved 1048576K
}
Event: 0.878 GC heap before
{Heap before GC invocations=2 (full 0):
 garbage-first heap   total 258048K, used 23188K [0x0000000704a00000, 0x0000000800000000)
  region size 2048K, 10 young (20480K), 1 survivors (2048K)
 Metaspace       used 6388K, capacity 6611K, committed 6784K, reserved 1056768K
  class space    used 759K, capacity 832K, committed 896K, reserved 1048576K
}
Event: 0.880 GC heap after
{Heap after GC invocations=3 (full 0):
 garbage-first heap   total 258048K, used 6859K [0x0000000704a00000, 0x0000000800000000)
  region size 2048K, 1 young (2048K), 1 survivors (2048K)
 Metaspace       used 6388K, capacity 6611K, committed 6784K, reserved 1056768K
  class space    used 759K, capacity 832K, committed 896K, reserved 1048576K
}
Event: 2.177 GC heap before
{Heap before GC invocations=3 (full 0):
 garbage-first heap   total 258048K, used 144075K [0x0000000704a00000, 0x0000000800000000)
  region size 2048K, 70 young (143360K), 1 survivors (2048K)
 Metaspace       used 20559K, capacity 20978K, committed 21248K, reserved 1067008K
  class space    used 2687K, capacity 2794K, committed 2816K, reserved 1048576K
}
Event: 2.185 GC heap after
{Heap after GC invocations=4 (full 0):
 garbage-first heap   total 258048K, used 12537K [0x0000000704a00000, 0x0000000800000000)
  region size 2048K, 4 young (8192K), 4 survivors (8192K)
 Metaspace       used 20559K, capacity 20978K, committed 21248K, reserved 1067008K
  class space    used 2687K, capacity 2794K, committed 2816K, reserved 1048576K
}
Event: 2.704 GC heap before
{Heap before GC invocations=5 (full 0):
 garbage-first heap   total 55296K, used 53497K [0x0000000704a00000, 0x0000000800000000)
  region size 2048K, 24 young (49152K), 4 survivors (8192K)
 Metaspace       used 24804K, capacity 25251K, committed 25600K, reserved 1071104K
  class space    used 3299K, capacity 3461K, committed 3584K, reserved 1048576K
}
Event: 2.714 GC heap after
{Heap after GC invocations=6 (full 0):
 garbage-first heap   total 65536K, used 15638K [0x0000000704a00000, 0x0000000800000000)
  region size 2048K, 5 young (10240K), 5 survivors (10240K)
 Metaspace       used 24804K, capacity 25251K, committed 25600K, reserved 1071104K
  class space    used 3299K, capacity 3461K, committed 3584K, reserved 1048576K
}
Event: 2.900 GC heap before
{Heap before GC invocations=6 (full 0):
 garbage-first heap   total 65536K, used 42262K [0x0000000704a00000, 0x0000000800000000)
  region size 2048K, 19 young (38912K), 5 survivors (10240K)
 Metaspace       used 26504K, capacity 26994K, committed 27264K, reserved 1073152K
  class space    used 3506K, capacity 3658K, committed 3712K, reserved 1048576K
}
Event: 2.910 GC heap after
{Heap after GC invocations=7 (full 0):
 garbage-first heap   total 79872K, used 17154K [0x0000000704a00000, 0x0000000800000000)
  region size 2048K, 3 young (6144K), 3 survivors (6144K)
 Metaspace       used 26504K, capacity 26994K, committed 27264K, reserved 1073152K
  class space    used 3506K, capacity 3658K, committed 3712K, reserved 1048576K
}
Event: 2.996 GC heap before
{Heap before GC invocations=7 (full 0):
 garbage-first heap   total 79872K, used 56066K [0x0000000704a00000, 0x0000000800000000)
  region size 2048K, 23 young (47104K), 3 survivors (6144K)
 Metaspace       used 27207K, capacity 27678K, committed 27904K, reserved 1073152K
  class space    used 3577K, capacity 3756K, committed 3840K, reserved 1048576K
}
Event: 3.001 GC heap after
{Heap after GC invocations=8 (full 0):
 garbage-first heap   total 79872K, used 17516K [0x0000000704a00000, 0x0000000800000000)
  region size 2048K, 1 young (2048K), 1 survivors (2048K)
 Metaspace       used 27207K, capacity 27678K, committed 27904K, reserved 1073152K
  class space    used 3577K, capacity 3756K, committed 3840K, reserved 1048576K
}
Event: 3.293 GC heap before
{Heap before GC invocations=8 (full 0):
 garbage-first heap   total 79872K, used 60524K [0x0000000704a00000, 0x0000000800000000)
  region size 2048K, 23 young (47104K), 1 survivors (2048K)
 Metaspace       used 29468K, capacity 29987K, committed 30208K, reserved 1075200K
  class space    used 3829K, capacity 4013K, committed 4096K, reserved 1048576K
}
Event: 3.299 GC heap after
{Heap after GC invocations=9 (full 0):
 garbage-first heap   total 79872K, used 18555K [0x0000000704a00000, 0x0000000800000000)
  region size 2048K, 2 young (4096K), 2 survivors (4096K)
 Metaspace       used 29468K, capacity 29987K, committed 30208K, reserved 1075200K
  class space    used 3829K, capacity 4013K, committed 4096K, reserved 1048576K
}
Event: 4.039 GC heap before
{Heap before GC invocations=9 (full 0):
 garbage-first heap   total 79872K, used 39035K [0x0000000704a00000, 0x0000000800000000)
  region size 2048K, 13 young (26624K), 2 survivors (4096K)
 Metaspace       used 34903K, capacity 35468K, committed 35628K, reserved 1079296K
  class space    used 4678K, capacity 4879K, committed 4992K, reserved 1048576K
}
Event: 4.044 GC heap after
{Heap after GC invocations=10 (full 0):
 garbage-first heap   total 79872K, used 19861K [0x0000000704a00000, 0x0000000800000000)
  region size 2048K, 3 young (6144K), 3 survivors (6144K)
 Metaspace       used 34903K, capacity 35468K, committed 35628K, reserved 1079296K
  class space    used 4678K, capacity 4879K, committed 4992K, reserved 1048576K
}
Event: 5.503 GC heap before
{Heap before GC invocations=11 (full 0):
 garbage-first heap   total 79872K, used 60821K [0x0000000704a00000, 0x0000000800000000)
  region size 2048K, 23 young (47104K), 3 survivors (6144K)
 Metaspace       used 43431K, capacity 44040K, committed 44204K, reserved 1087488K
  class space    used 5922K, capacity 6108K, committed 6144K, reserved 1048576K
}
Event: 5.510 GC heap after
{Heap after GC invocations=12 (full 0):
 garbage-first heap   total 96256K, used 22323K [0x0000000704a00000, 0x0000000800000000)
  region size 2048K, 3 young (6144K), 3 survivors (6144K)
 Metaspace       used 43431K, capacity 44040K, committed 44204K, reserved 1087488K
  class space    used 5922K, capacity 6108K, committed 6144K, reserved 1048576K
}

